[2019/06/10 14:23:35.79] build-m.yunbisai.com

> index@0.1.0 build C:\SVN\dev.yunbisai.com\m.yunbisai.com\public\index
> vue-cli-service build


 ERROR  Failed to compile with 1 errors14:23:39

Module build failed (from ./node_modules/thread-loader/dist/cjs.js):
Thread Loader (Worker 0)
Cannot find module 'eslint/lib/formatters/stylish'
    at PoolWorker.fromErrorObj (C:\SVN\dev.yunbisai.com\m.yunbisai.com\public\index\node_modules\thread-loader\dist\WorkerPool.js:258:12)
    at C:\SVN\dev.yunbisai.com\m.yunbisai.com\public\index\node_modules\thread-loader\dist\WorkerPool.js:200:29
    at mapSeries (C:\SVN\dev.yunbisai.com\m.yunbisai.com\public\index\node_modules\neo-async\async.js:3624:14)
    at Function.Module._resolveFilename (module.js:547:15)
    at Function.Module._load (module.js:474:25)
    at Module.require (module.js:596:17)
    at require (internal/module.js:11:18)
    at Object.module.exports (C:\SVN\dev.yunbisai.com\m.yunbisai.com\public\index\node_modules\eslint-loader\index.js:196:28)

You may use special comments to disable some warnings.
Use // eslint-disable-next-line to ignore the next line.
Use /* eslint-disable */ to ignore all warnings in a file.
'start del...' 
'stop del...'
'start XCOPY ...' 
复制了 0 个文件
'stop XCOPY ...' 
